Generating rook magics across 12 threads (one seed each), keeping the smallest table...
(only thread 0 prints per-square detail; the rest run silently)
square  0: bits=12 offset=0 table_len=4096 fill=62.5% (5119498 attempts)
square  7: bits=12 offset=4096 table_len=4096 fill=100.0% (5051775 attempts)
square 56: bits=12 offset=8191 table_len=4096 fill=51.6% (5012434 attempts)
square 63: bits=12 offset=12276 table_len=4096 fill=53.1% (5001928 attempts)
square  1: bits=11 offset=16371 table_len=2048 fill=74.9% (5015536 attempts)
square  2: bits=11 offset=18418 table_len=2048 fill=68.8% (5105059 attempts)
square  3: bits=11 offset=20465 table_len=2048 fill=62.0% (5020169 attempts)
square  4: bits=11 offset=22506 table_len=2048 fill=62.5% (5032591 attempts)
square  5: bits=11 offset=24551 table_len=2048 fill=68.8% (5097322 attempts)
square  6: bits=11 offset=26598 table_len=2048 fill=61.8% (5060681 attempts)
square  8: bits=11 offset=28646 table_len=2046 fill=62.6% (5002048 attempts)
square 15: bits=11 offset=30691 table_len=2048 fill=75.0% (5002739 attempts)
square 16: bits=11 offset=32739 table_len=2048 fill=69.5% (5039991 attempts)
square 23: bits=11 offset=34787 table_len=2048 fill=75.0% (5025768 attempts)
square 24: bits=11 offset=36835 table_len=2048 fill=72.9% (5005061 attempts)
square 31: bits=11 offset=38883 table_len=2048 fill=100.0% (5003504 attempts)
square 32: bits=11 offset=40931 table_len=2047 fill=62.5% (5016579 attempts)
square 39: bits=11 offset=42978 table_len=2048 fill=62.5% (5002213 attempts)
square 40: bits=11 offset=45025 table_len=2048 fill=62.5% (5006088 attempts)
square 47: bits=11 offset=47072 table_len=2048 fill=56.2% (5034946 attempts)
square 48: bits=11 offset=49120 table_len=2048 fill=53.1% (5007268 attempts)
square 55: bits=11 offset=51167 table_len=2048 fill=53.1% (5003941 attempts)
square 57: bits=11 offset=53185 table_len=2048 fill=51.6% (5008927 attempts)
square 58: bits=11 offset=55230 table_len=2048 fill=51.6% (5000046 attempts)
square 59: bits=11 offset=57265 table_len=2048 fill=51.6% (5021450 attempts)
square 60: bits=11 offset=59278 table_len=2048 fill=56.2% (5017849 attempts)
square 61: bits=11 offset=61325 table_len=2048 fill=62.5% (5010986 attempts)
square 62: bits=11 offset=63372 table_len=2048 fill=53.1% (5001603 attempts)
square  9: bits=10 offset=65420 table_len=1024 fill=70.3% (5036427 attempts)
square 10: bits=10 offset=66444 table_len=1024 fill=71.9% (5031783 attempts)
square 11: bits=10 offset=67461 table_len=1024 fill=56.2% (5015848 attempts)
square 12: bits=10 offset=68483 table_len=1024 fill=62.5% (5011682 attempts)
square 13: bits=10 offset=69507 table_len=1024 fill=75.0% (5006726 attempts)
square 14: bits=10 offset=70531 table_len=1024 fill=66.6% (5002301 attempts)
square 17: bits=10 offset=71555 table_len=1024 fill=67.2% (5009003 attempts)
square 18: bits=10 offset=72579 table_len=1024 fill=82.8% (5067322 attempts)
square 19: bits=10 offset=73602 table_len=1024 fill=75.0% (5019214 attempts)
square 20: bits=10 offset=74626 table_len=1024 fill=100.0% (5302931 attempts)
square 21: bits=10 offset=75650 table_len=1024 fill=100.0% (5000482 attempts)
square 22: bits=10 offset=76674 table_len=1024 fill=75.0% (5003202 attempts)
square 25: bits=10 offset=77698 table_len=1024 fill=67.2% (5050857 attempts)
square 26: bits=10 offset=78722 table_len=1024 fill=82.8% (5105715 attempts)
square 27: bits=10 offset=79746 table_len=1024 fill=87.5% (5033266 attempts)
square 28: bits=10 offset=80770 table_len=1024 fill=75.0% (5053879 attempts)
square 29: bits=10 offset=81794 table_len=1024 fill=75.0% (5110399 attempts)
square 30: bits=10 offset=82818 table_len=1024 fill=100.0% (5002471 attempts)
square 33: bits=10 offset=83842 table_len=1024 fill=72.4% (5000868 attempts)
square 34: bits=10 offset=84866 table_len=1024 fill=84.4% (5029827 attempts)
square 35: bits=10 offset=85890 table_len=1024 fill=70.3% (5078551 attempts)
square 36: bits=10 offset=86914 table_len=1024 fill=75.0% (5026282 attempts)
square 37: bits=10 offset=87938 table_len=1024 fill=75.0% (5004337 attempts)
square 38: bits=10 offset=88961 table_len=1024 fill=75.0% (5018732 attempts)
square 41: bits=10 offset=89982 table_len=1024 fill=56.2% (5006139 attempts)
square 42: bits=10 offset=91006 table_len=1024 fill=97.7% (5139822 attempts)
square 43: bits=10 offset=92029 table_len=1024 fill=62.5% (5073193 attempts)
square 44: bits=10 offset=93053 table_len=1024 fill=62.5% (5038548 attempts)
square 45: bits=10 offset=94077 table_len=1024 fill=75.0% (5024982 attempts)
square 46: bits=10 offset=95101 table_len=1022 fill=62.6% (5040248 attempts)
square 49: bits=10 offset=96122 table_len=1024 fill=53.1% (5000295 attempts)
square 50: bits=10 offset=97143 table_len=1023 fill=53.2% (5013458 attempts)
square 51: bits=10 offset=98159 table_len=1024 fill=53.1% (5005526 attempts)
square 52: bits=10 offset=99183 table_len=1021 fill=53.3% (5004979 attempts)
square 53: bits=10 offset=100200 table_len=1024 fill=53.1% (5002959 attempts)
[thread 7] seed 8885303498275828532: table size 798.74 Kb (in 2307.53s)
[thread 1] seed 15348192573181382059: table size 799.07 Kb (in 2320.86s)
[thread 6] seed 15881013158765235087: table size 796.30 Kb (in 2323.80s)
square 54: bits=10 offset=101222 table_len=1024 fill=53.1% (5008774 attempts)
[thread 0] seed 15512407338438524295: table size 798.80 Kb (in 2323.94s)
[thread 5] seed 1035986090179171509: table size 798.88 Kb (in 2324.82s)
[thread 8] seed 9351298888654082800: table size 799.48 Kb (in 2326.44s)
[thread 11] seed 1781602018382584721: table size 799.02 Kb (in 2326.64s)
[thread 3] seed 8865639049760002203: table size 799.03 Kb (in 2328.04s)
[thread 9] seed 16986587351727726250: table size 796.57 Kb (in 2329.44s)
[thread 2] seed 4036907382994161593: table size 798.20 Kb (in 2330.51s)
[thread 10] seed 9424380621860533918: table size 798.91 Kb (in 2332.09s)
[thread 4] seed 12408660808952000385: table size 798.66 Kb (in 2339.43s)
Best rook global table: 796.30 Kb out of 12 threads (total time 2339.43s)
Generating bishop magics across 12 threads (one seed each), keeping the smallest table...
(only thread 0 prints per-square detail; the rest run silently)
square  0: bits=6 offset=0 table_len=64 fill=51.6% (5000975 attempts)
square  7: bits=6 offset=41 table_len=64 fill=51.6% (5000620 attempts)
square 56: bits=6 offset=97 table_len=64 fill=42.2% (5002112 attempts)
square 63: bits=6 offset=159 table_len=64 fill=51.6% (5001103 attempts)
square  1: bits=5 offset=222 table_len=32 fill=53.1% (5000703 attempts)
square  2: bits=5 offset=254 table_len=32 fill=56.2% (5000350 attempts)
square  3: bits=5 offset=284 table_len=32 fill=62.5% (5000393 attempts)
square  4: bits=5 offset=314 table_len=32 fill=62.5% (5000011 attempts)
square  5: bits=5 offset=339 table_len=32 fill=56.2% (5000016 attempts)
square  6: bits=5 offset=370 table_len=32 fill=53.1% (5000952 attempts)
square  8: bits=5 offset=402 table_len=32 fill=53.1% (5000095 attempts)
square 15: bits=5 offset=413 table_len=32 fill=53.1% (5001437 attempts)
square 16: bits=5 offset=443 table_len=32 fill=56.2% (5002119 attempts)
square 23: bits=5 offset=475 table_len=32 fill=56.2% (5000520 attempts)
square 24: bits=5 offset=507 table_len=32 fill=62.5% (5002759 attempts)
square 31: bits=5 offset=539 table_len=32 fill=62.5% (5002048 attempts)
square 32: bits=5 offset=569 table_len=32 fill=62.5% (5000421 attempts)
square 39: bits=5 offset=601 table_len=32 fill=62.5% (5000140 attempts)
square 40: bits=5 offset=628 table_len=32 fill=56.2% (5000230 attempts)
square 47: bits=5 offset=660 table_len=32 fill=56.2% (5001517 attempts)
square 48: bits=5 offset=684 table_len=30 fill=56.7% (5000134 attempts)
square 55: bits=5 offset=711 table_len=30 fill=50.0% (5001029 attempts)
square 57: bits=5 offset=738 table_len=32 fill=53.1% (5000153 attempts)
square 58: bits=5 offset=770 table_len=32 fill=56.2% (5001564 attempts)
square 59: bits=5 offset=801 table_len=32 fill=62.5% (5000075 attempts)
square 60: bits=5 offset=833 table_len=32 fill=62.5% (5000048 attempts)
square 61: bits=5 offset=861 table_len=32 fill=56.2% (5000141 attempts)
square 62: bits=5 offset=892 table_len=31 fill=48.4% (5002632 attempts)
square  9: bits=5 offset=919 table_len=32 fill=53.1% (5000844 attempts)
square 10: bits=5 offset=949 table_len=32 fill=56.2% (5000568 attempts)
square 11: bits=5 offset=981 table_len=32 fill=62.5% (5000629 attempts)
square 12: bits=5 offset=1012 table_len=32 fill=62.5% (5000418 attempts)
square 13: bits=5 offset=1038 table_len=32 fill=56.2% (5001427 attempts)
square 14: bits=5 offset=1069 table_len=32 fill=53.1% (5002794 attempts)
square 17: bits=5 offset=1097 table_len=30 fill=60.0% (5001039 attempts)
square 18: bits=7 offset=1125 table_len=128 fill=56.2% (5001352 attempts)
square 19: bits=7 offset=1251 table_len=128 fill=62.5% (5011607 attempts)
square 20: bits=7 offset=1379 table_len=128 fill=75.0% (5022305 attempts)
square 21: bits=7 offset=1500 table_len=127 fill=63.0% (5004896 attempts)
square 22: bits=5 offset=1627 table_len=32 fill=56.2% (5003401 attempts)
square 25: bits=5 offset=1658 table_len=32 fill=62.5% (5003560 attempts)
square 26: bits=7 offset=1689 table_len=128 fill=75.0% (5000722 attempts)
square 27: bits=9 offset=1804 table_len=512 fill=75.0% (5000362 attempts)
square 28: bits=9 offset=2316 table_len=512 fill=100.0% (5066804 attempts)
square 29: bits=7 offset=2828 table_len=128 fill=75.0% (5001699 attempts)
square 30: bits=5 offset=2955 table_len=32 fill=62.5% (5000006 attempts)
square 33: bits=5 offset=2987 table_len=32 fill=62.5% (5000677 attempts)
square 34: bits=7 offset=3018 table_len=128 fill=62.5% (5001377 attempts)
square 35: bits=9 offset=3146 table_len=512 fill=87.5% (5022503 attempts)
square 36: bits=9 offset=3658 table_len=512 fill=100.0% (5074263 attempts)
square 37: bits=7 offset=4170 table_len=128 fill=75.0% (5001078 attempts)
square 38: bits=5 offset=4298 table_len=32 fill=62.5% (5000971 attempts)
square 41: bits=5 offset=4328 table_len=32 fill=56.2% (5000607 attempts)
square 42: bits=7 offset=4360 table_len=128 fill=56.2% (5005856 attempts)
square 43: bits=7 offset=4486 table_len=128 fill=62.5% (5001934 attempts)
square 44: bits=7 offset=4610 table_len=128 fill=62.5% (5003319 attempts)
square 45: bits=7 offset=4731 table_len=128 fill=56.2% (5000341 attempts)
square 46: bits=5 offset=4855 table_len=30 fill=60.0% (5000265 attempts)
square 49: bits=5 offset=4884 table_len=32 fill=46.9% (5000025 attempts)
square 50: bits=5 offset=4914 table_len=31 fill=58.1% (5000691 attempts)
square 51: bits=5 offset=4945 table_len=32 fill=65.6% (5000927 attempts)
square 52: bits=5 offset=4977 table_len=31 fill=64.5% (5000070 attempts)
[thread 9] seed 16986587351727726250: table size 39.71 Kb (in 169.01s)
square 53: bits=5 offset=5007 table_len=31 fill=51.6% (5000287 attempts)
[thread 10] seed 9424380621860533918: table size 39.80 Kb (in 169.60s)
[thread 5] seed 1035986090179171509: table size 39.45 Kb (in 169.63s)
[thread 6] seed 15881013158765235087: table size 39.89 Kb (in 170.31s)
square 54: bits=5 offset=5030 table_len=32 fill=53.1% (5001250 attempts)
[thread 0] seed 15512407338438524295: table size 39.55 Kb (in 170.39s)
[thread 1] seed 15348192573181382059: table size 39.91 Kb (in 170.61s)
[thread 11] seed 1781602018382584721: table size 39.66 Kb (in 170.62s)
[thread 4] seed 12408660808952000385: table size 39.70 Kb (in 170.99s)
[thread 7] seed 8885303498275828532: table size 39.86 Kb (in 171.03s)
[thread 2] seed 4036907382994161593: table size 39.58 Kb (in 171.17s)
[thread 8] seed 9351298888654082800: table size 39.63 Kb (in 172.58s)
[thread 3] seed 8865639049760002203: table size 39.82 Kb (in 172.73s)
Best bishop global table: 39.45 Kb out of 12 threads (total time 172.74s)
